<?xml version="1.0" encoding="UTF-8"?>
<!-- Generated by org.testng.reporters.JUnitReportReporter -->
<testsuite hostname="DESKTOP-TN72U6V" failures="0" tests="10" name="finalproject.homepage" time="160.674" errors="0" timestamp="2025-01-23T19:40:56 IST" skipped="8">
  <testcase classname="finalproject.homepage" name="verifyeachHealthProgramPageContent" time="25.286"/>
  <system-out/>
  <testcase classname="finalproject.homepage" name="verifyeachHealthProgramPageContent" time="135.388"/>
  <system-out/>
  <testcase classname="finalproject.homepage" name="verifyNavigationBar">
    <skipped/>
  </testcase> <!-- verifyNavigationBar -->
  <system-out/>
  <testcase classname="finalproject.homepage" name="verifyNavigationBar">
    <skipped/>
  </testcase> <!-- verifyNavigationBar -->
  <system-out/>
  <testcase classname="finalproject.homepage" name="verifyhealthProgramDropdown">
    <skipped/>
  </testcase> <!-- verifyhealthProgramDropdown -->
  <system-out/>
  <testcase classname="finalproject.homepage" name="verifyhealthProgramDropdown">
    <skipped/>
  </testcase> <!-- verifyhealthProgramDropdown -->
  <system-out/>
  <testcase classname="finalproject.homepage" name="VerifysearchBarFunctionality">
    <skipped/>
  </testcase> <!-- VerifysearchBarFunctionality -->
  <system-out/>
  <testcase classname="finalproject.homepage" name="VerifysearchBarFunctionality">
    <skipped/>
  </testcase> <!-- VerifysearchBarFunctionality -->
  <system-out/>
  <testcase classname="finalproject.homepage" name="verifyHealthProgramResourcelinks">
    <skipped/>
  </testcase> <!-- verifyHealthProgramResourcelinks -->
  <system-out/>
  <testcase classname="finalproject.homepage" name="verifyHealthProgramResourcelinks">
    <skipped/>
  </testcase> <!-- verifyHealthProgramResourcelinks -->
  <system-out/>
</testsuite> <!-- finalproject.homepage -->
