<?xml version="1.0" encoding="UTF-8"?>
<!-- Generated by org.testng.reporters.JUnitReportReporter -->
<testsuite hostname="MAC-GQ7M6T9X9C" failures="0" tests="6" name="finalproject.homepage" time="19.002" errors="0" timestamp="2025-01-24T01:07:22 IST" skipped="5">
  <testcase classname="finalproject.homepage" name="verifyeachHealthProgramPageContent" time="19.002"/>
  <testcase classname="finalproject.homepage" name="VerifysearchBarFunctionality">
    <skipped/>
  </testcase> <!-- VerifysearchBarFunctionality -->
  <testcase classname="finalproject.homepage" name="verifyHealthProgramResourcelinks">
    <skipped/>
  </testcase> <!-- verifyHealthProgramResourcelinks -->
  <testcase classname="finalproject.homepage" name="userRegistrationandlogin">
    <skipped/>
  </testcase> <!-- userRegistrationandlogin -->
  <testcase classname="finalproject.homepage" name="verifyhealthProgramDropdown">
    <skipped/>
  </testcase> <!-- verifyhealthProgramDropdown -->
  <testcase classname="finalproject.homepage" name="verifyNavigationBar">
    <skipped/>
  </testcase> <!-- verifyNavigationBar -->
</testsuite> <!-- finalproject.homepage -->
