<?xml version="1.0" encoding="UTF-8"?>
<!-- Generated by org.testng.reporters.JUnitReportReporter -->
<testsuite hostname="MAC-GQ7M6T9X9C" failures="0" tests="6" name="finalproject.homepage" time="65.754" errors="0" timestamp="2025-01-24T01:25:05 IST" skipped="0">
  <testcase classname="finalproject.homepage" name="verifyeachHealthProgramPageContent" time="18.429"/>
  <testcase classname="finalproject.homepage" name="VerifysearchBarFunctionality" time="5.877"/>
  <testcase classname="finalproject.homepage" name="userRegistrationandlogin" time="15.931"/>
  <testcase classname="finalproject.homepage" name="verifyHealthProgramResourcelinks" time="15.365"/>
  <testcase classname="finalproject.homepage" name="verifyhealthProgramDropdown" time="5.632"/>
  <testcase classname="finalproject.homepage" name="verifyNavigationBar" time="4.520"/>
</testsuite> <!-- finalproject.homepage -->
